CRITICAL - 2025-04-08 16:33:17 --> ErrorException: Undefined property: stdClass::$version
[Method: GET, Route: /]
in APPPATH/Controllers/PublicPages.php on line 17.
 1 APPPATH/Controllers/PublicPages.php(17): CodeIgniter\Debug\Exceptions->errorHandler()
 2 SYSTEMPATH/CodeIgniter.php(933): App\Controllers\PublicPages->index()
 3 SYSTEMPATH/CodeIgniter.php(507): CodeIgniter\CodeIgniter->runController()
 4 SYSTEMPATH/CodeIgniter.php(354): CodeIgniter\CodeIgniter->handleRequest()
 5 SYSTEMPATH/Boot.php(334): CodeIgniter\CodeIgniter->run()
 6 SYSTEMPATH/Boot.php(67): CodeIgniter\Boot::runCodeIgniter()
 7 FCPATH/index.php(56): CodeIgniter\Boot::bootWeb()
CRITICAL - 2025-04-08 16:33:25 --> ErrorException: Undefined property: stdClass::$version
[Method: GET, Route: /]
in APPPATH/Controllers/PublicPages.php on line 17.
 1 APPPATH/Controllers/PublicPages.php(17): CodeIgniter\Debug\Exceptions->errorHandler()
 2 SYSTEMPATH/CodeIgniter.php(933): App\Controllers\PublicPages->index()
 3 SYSTEMPATH/CodeIgniter.php(507): CodeIgniter\CodeIgniter->runController()
 4 SYSTEMPATH/CodeIgniter.php(354): CodeIgniter\CodeIgniter->handleRequest()
 5 SYSTEMPATH/Boot.php(334): CodeIgniter\CodeIgniter->run()
 6 SYSTEMPATH/Boot.php(67): CodeIgniter\Boot::runCodeIgniter()
 7 FCPATH/index.php(56): CodeIgniter\Boot::bootWeb()
CRITICAL - 2025-04-08 16:33:27 --> ErrorException: Undefined property: stdClass::$version
[Method: GET, Route: /]
in APPPATH/Controllers/PublicPages.php on line 17.
 1 APPPATH/Controllers/PublicPages.php(17): CodeIgniter\Debug\Exceptions->errorHandler()
 2 SYSTEMPATH/CodeIgniter.php(933): App\Controllers\PublicPages->index()
 3 SYSTEMPATH/CodeIgniter.php(507): CodeIgniter\CodeIgniter->runController()
 4 SYSTEMPATH/CodeIgniter.php(354): CodeIgniter\CodeIgniter->handleRequest()
 5 SYSTEMPATH/Boot.php(334): CodeIgniter\CodeIgniter->run()
 6 SYSTEMPATH/Boot.php(67): CodeIgniter\Boot::runCodeIgniter()
 7 FCPATH/index.php(56): CodeIgniter\Boot::bootWeb()
CRITICAL - 2025-04-08 16:33:29 --> ErrorException: Undefined property: stdClass::$version
[Method: GET, Route: /]
in APPPATH/Controllers/PublicPages.php on line 17.
 1 APPPATH/Controllers/PublicPages.php(17): CodeIgniter\Debug\Exceptions->errorHandler()
 2 SYSTEMPATH/CodeIgniter.php(933): App\Controllers\PublicPages->index()
 3 SYSTEMPATH/CodeIgniter.php(507): CodeIgniter\CodeIgniter->runController()
 4 SYSTEMPATH/CodeIgniter.php(354): CodeIgniter\CodeIgniter->handleRequest()
 5 SYSTEMPATH/Boot.php(334): CodeIgniter\CodeIgniter->run()
 6 SYSTEMPATH/Boot.php(67): CodeIgniter\Boot::runCodeIgniter()
 7 FCPATH/index.php(56): CodeIgniter\Boot::bootWeb()
CRITICAL - 2025-04-08 16:34:00 --> ErrorException: Undefined property: stdClass::$players
[Method: GET, Route: /]
in APPPATH/Controllers/PublicPages.php on line 17.
 1 APPPATH/Controllers/PublicPages.php(17): CodeIgniter\Debug\Exceptions->errorHandler()
 2 SYSTEMPATH/CodeIgniter.php(933): App\Controllers\PublicPages->index()
 3 SYSTEMPATH/CodeIgniter.php(507): CodeIgniter\CodeIgniter->runController()
 4 SYSTEMPATH/CodeIgniter.php(354): CodeIgniter\CodeIgniter->handleRequest()
 5 SYSTEMPATH/Boot.php(334): CodeIgniter\CodeIgniter->run()
 6 SYSTEMPATH/Boot.php(67): CodeIgniter\Boot::runCodeIgniter()
 7 FCPATH/index.php(56): CodeIgniter\Boot::bootWeb()
CRITICAL - 2025-04-08 16:34:01 --> ErrorException: Undefined property: stdClass::$players
[Method: GET, Route: /]
in APPPATH/Controllers/PublicPages.php on line 17.
 1 APPPATH/Controllers/PublicPages.php(17): CodeIgniter\Debug\Exceptions->errorHandler()
 2 SYSTEMPATH/CodeIgniter.php(933): App\Controllers\PublicPages->index()
 3 SYSTEMPATH/CodeIgniter.php(507): CodeIgniter\CodeIgniter->runController()
 4 SYSTEMPATH/CodeIgniter.php(354): CodeIgniter\CodeIgniter->handleRequest()
 5 SYSTEMPATH/Boot.php(334): CodeIgniter\CodeIgniter->run()
 6 SYSTEMPATH/Boot.php(67): CodeIgniter\Boot::runCodeIgniter()
 7 FCPATH/index.php(56): CodeIgniter\Boot::bootWeb()
CRITICAL - 2025-04-08 16:34:01 --> ErrorException: Undefined property: stdClass::$players
[Method: GET, Route: /]
in APPPATH/Controllers/PublicPages.php on line 17.
 1 APPPATH/Controllers/PublicPages.php(17): CodeIgniter\Debug\Exceptions->errorHandler()
 2 SYSTEMPATH/CodeIgniter.php(933): App\Controllers\PublicPages->index()
 3 SYSTEMPATH/CodeIgniter.php(507): CodeIgniter\CodeIgniter->runController()
 4 SYSTEMPATH/CodeIgniter.php(354): CodeIgniter\CodeIgniter->handleRequest()
 5 SYSTEMPATH/Boot.php(334): CodeIgniter\CodeIgniter->run()
 6 SYSTEMPATH/Boot.php(67): CodeIgniter\Boot::runCodeIgniter()
 7 FCPATH/index.php(56): CodeIgniter\Boot::bootWeb()
CRITICAL - 2025-04-08 16:34:02 --> ErrorException: Undefined property: stdClass::$players
[Method: GET, Route: /]
in APPPATH/Controllers/PublicPages.php on line 17.
 1 APPPATH/Controllers/PublicPages.php(17): CodeIgniter\Debug\Exceptions->errorHandler()
 2 SYSTEMPATH/CodeIgniter.php(933): App\Controllers\PublicPages->index()
 3 SYSTEMPATH/CodeIgniter.php(507): CodeIgniter\CodeIgniter->runController()
 4 SYSTEMPATH/CodeIgniter.php(354): CodeIgniter\CodeIgniter->handleRequest()
 5 SYSTEMPATH/Boot.php(334): CodeIgniter\CodeIgniter->run()
 6 SYSTEMPATH/Boot.php(67): CodeIgniter\Boot::runCodeIgniter()
 7 FCPATH/index.php(56): CodeIgniter\Boot::bootWeb()
CRITICAL - 2025-04-08 16:34:02 --> ErrorException: Undefined property: stdClass::$players
[Method: GET, Route: /]
in APPPATH/Controllers/PublicPages.php on line 17.
 1 APPPATH/Controllers/PublicPages.php(17): CodeIgniter\Debug\Exceptions->errorHandler()
 2 SYSTEMPATH/CodeIgniter.php(933): App\Controllers\PublicPages->index()
 3 SYSTEMPATH/CodeIgniter.php(507): CodeIgniter\CodeIgniter->runController()
 4 SYSTEMPATH/CodeIgniter.php(354): CodeIgniter\CodeIgniter->handleRequest()
 5 SYSTEMPATH/Boot.php(334): CodeIgniter\CodeIgniter->run()
 6 SYSTEMPATH/Boot.php(67): CodeIgniter\Boot::runCodeIgniter()
 7 FCPATH/index.php(56): CodeIgniter\Boot::bootWeb()
CRITICAL - 2025-04-08 16:34:02 --> ErrorException: Undefined property: stdClass::$players
[Method: GET, Route: /]
in APPPATH/Controllers/PublicPages.php on line 17.
 1 APPPATH/Controllers/PublicPages.php(17): CodeIgniter\Debug\Exceptions->errorHandler()
 2 SYSTEMPATH/CodeIgniter.php(933): App\Controllers\PublicPages->index()
 3 SYSTEMPATH/CodeIgniter.php(507): CodeIgniter\CodeIgniter->runController()
 4 SYSTEMPATH/CodeIgniter.php(354): CodeIgniter\CodeIgniter->handleRequest()
 5 SYSTEMPATH/Boot.php(334): CodeIgniter\CodeIgniter->run()
 6 SYSTEMPATH/Boot.php(67): CodeIgniter\Boot::runCodeIgniter()
 7 FCPATH/index.php(56): CodeIgniter\Boot::bootWeb()
CRITICAL - 2025-04-08 16:34:02 --> ErrorException: Undefined property: stdClass::$players
[Method: GET, Route: /]
in APPPATH/Controllers/PublicPages.php on line 17.
 1 APPPATH/Controllers/PublicPages.php(17): CodeIgniter\Debug\Exceptions->errorHandler()
 2 SYSTEMPATH/CodeIgniter.php(933): App\Controllers\PublicPages->index()
 3 SYSTEMPATH/CodeIgniter.php(507): CodeIgniter\CodeIgniter->runController()
 4 SYSTEMPATH/CodeIgniter.php(354): CodeIgniter\CodeIgniter->handleRequest()
 5 SYSTEMPATH/Boot.php(334): CodeIgniter\CodeIgniter->run()
 6 SYSTEMPATH/Boot.php(67): CodeIgniter\Boot::runCodeIgniter()
 7 FCPATH/index.php(56): CodeIgniter\Boot::bootWeb()
CRITICAL - 2025-04-08 16:34:03 --> ErrorException: Undefined property: stdClass::$players
[Method: GET, Route: /]
in APPPATH/Controllers/PublicPages.php on line 17.
 1 APPPATH/Controllers/PublicPages.php(17): CodeIgniter\Debug\Exceptions->errorHandler()
 2 SYSTEMPATH/CodeIgniter.php(933): App\Controllers\PublicPages->index()
 3 SYSTEMPATH/CodeIgniter.php(507): CodeIgniter\CodeIgniter->runController()
 4 SYSTEMPATH/CodeIgniter.php(354): CodeIgniter\CodeIgniter->handleRequest()
 5 SYSTEMPATH/Boot.php(334): CodeIgniter\CodeIgniter->run()
 6 SYSTEMPATH/Boot.php(67): CodeIgniter\Boot::runCodeIgniter()
 7 FCPATH/index.php(56): CodeIgniter\Boot::bootWeb()
CRITICAL - 2025-04-08 16:34:03 --> ErrorException: Undefined property: stdClass::$players
[Method: GET, Route: /]
in APPPATH/Controllers/PublicPages.php on line 17.
 1 APPPATH/Controllers/PublicPages.php(17): CodeIgniter\Debug\Exceptions->errorHandler()
 2 SYSTEMPATH/CodeIgniter.php(933): App\Controllers\PublicPages->index()
 3 SYSTEMPATH/CodeIgniter.php(507): CodeIgniter\CodeIgniter->runController()
 4 SYSTEMPATH/CodeIgniter.php(354): CodeIgniter\CodeIgniter->handleRequest()
 5 SYSTEMPATH/Boot.php(334): CodeIgniter\CodeIgniter->run()
 6 SYSTEMPATH/Boot.php(67): CodeIgniter\Boot::runCodeIgniter()
 7 FCPATH/index.php(56): CodeIgniter\Boot::bootWeb()
CRITICAL - 2025-04-08 16:34:03 --> ErrorException: Undefined property: stdClass::$players
[Method: GET, Route: /]
in APPPATH/Controllers/PublicPages.php on line 17.
 1 APPPATH/Controllers/PublicPages.php(17): CodeIgniter\Debug\Exceptions->errorHandler()
 2 SYSTEMPATH/CodeIgniter.php(933): App\Controllers\PublicPages->index()
 3 SYSTEMPATH/CodeIgniter.php(507): CodeIgniter\CodeIgniter->runController()
 4 SYSTEMPATH/CodeIgniter.php(354): CodeIgniter\CodeIgniter->handleRequest()
 5 SYSTEMPATH/Boot.php(334): CodeIgniter\CodeIgniter->run()
 6 SYSTEMPATH/Boot.php(67): CodeIgniter\Boot::runCodeIgniter()
 7 FCPATH/index.php(56): CodeIgniter\Boot::bootWeb()
CRITICAL - 2025-04-08 16:34:04 --> ErrorException: Undefined property: stdClass::$players
[Method: GET, Route: /]
in APPPATH/Controllers/PublicPages.php on line 17.
 1 APPPATH/Controllers/PublicPages.php(17): CodeIgniter\Debug\Exceptions->errorHandler()
 2 SYSTEMPATH/CodeIgniter.php(933): App\Controllers\PublicPages->index()
 3 SYSTEMPATH/CodeIgniter.php(507): CodeIgniter\CodeIgniter->runController()
 4 SYSTEMPATH/CodeIgniter.php(354): CodeIgniter\CodeIgniter->handleRequest()
 5 SYSTEMPATH/Boot.php(334): CodeIgniter\CodeIgniter->run()
 6 SYSTEMPATH/Boot.php(67): CodeIgniter\Boot::runCodeIgniter()
 7 FCPATH/index.php(56): CodeIgniter\Boot::bootWeb()
CRITICAL - 2025-04-08 16:45:10 --> CodeIgniter\HTTP\Exceptions\HTTPException: 22 : The requested URL returned error: 520
[Method: GET, Route: /]
in SYSTEMPATH/HTTP/CURLRequest.php on line 709.
 1 SYSTEMPATH/HTTP/CURLRequest.php(709): CodeIgniter\HTTP\Exceptions\HTTPException::forCurlError()
 2 SYSTEMPATH/HTTP/CURLRequest.php(383): CodeIgniter\HTTP\CURLRequest->sendRequest()
 3 SYSTEMPATH/HTTP/CURLRequest.php(152): CodeIgniter\HTTP\CURLRequest->send()
 4 APPPATH/Models/MCStatus.php(17): CodeIgniter\HTTP\CURLRequest->request()
 5 APPPATH/Controllers/PublicPages.php(13): App\Models\MCStatus->requestAPI()
 6 SYSTEMPATH/CodeIgniter.php(933): App\Controllers\PublicPages->index()
 7 SYSTEMPATH/CodeIgniter.php(507): CodeIgniter\CodeIgniter->runController()
 8 SYSTEMPATH/CodeIgniter.php(354): CodeIgniter\CodeIgniter->handleRequest()
 9 SYSTEMPATH/Boot.php(334): CodeIgniter\CodeIgniter->run()
10 SYSTEMPATH/Boot.php(67): CodeIgniter\Boot::runCodeIgniter()
11 FCPATH/index.php(56): CodeIgniter\Boot::bootWeb()
CRITICAL - 2025-04-08 16:45:10 --> CodeIgniter\HTTP\Exceptions\HTTPException: 22 : The requested URL returned error: 520
[Method: GET, Route: /]
in SYSTEMPATH/HTTP/CURLRequest.php on line 709.
 1 SYSTEMPATH/HTTP/CURLRequest.php(709): CodeIgniter\HTTP\Exceptions\HTTPException::forCurlError()
 2 SYSTEMPATH/HTTP/CURLRequest.php(383): CodeIgniter\HTTP\CURLRequest->sendRequest()
 3 SYSTEMPATH/HTTP/CURLRequest.php(152): CodeIgniter\HTTP\CURLRequest->send()
 4 APPPATH/Models/MCStatus.php(17): CodeIgniter\HTTP\CURLRequest->request()
 5 APPPATH/Controllers/PublicPages.php(13): App\Models\MCStatus->requestAPI()
 6 SYSTEMPATH/CodeIgniter.php(933): App\Controllers\PublicPages->index()
 7 SYSTEMPATH/CodeIgniter.php(507): CodeIgniter\CodeIgniter->runController()
 8 SYSTEMPATH/CodeIgniter.php(354): CodeIgniter\CodeIgniter->handleRequest()
 9 SYSTEMPATH/Boot.php(334): CodeIgniter\CodeIgniter->run()
10 SYSTEMPATH/Boot.php(67): CodeIgniter\Boot::runCodeIgniter()
11 FCPATH/index.php(56): CodeIgniter\Boot::bootWeb()
CRITICAL - 2025-04-08 16:45:16 --> CodeIgniter\HTTP\Exceptions\HTTPException: 22 : The requested URL returned error: 521
[Method: GET, Route: /]
in SYSTEMPATH/HTTP/CURLRequest.php on line 709.
 1 SYSTEMPATH/HTTP/CURLRequest.php(709): CodeIgniter\HTTP\Exceptions\HTTPException::forCurlError()
 2 SYSTEMPATH/HTTP/CURLRequest.php(383): CodeIgniter\HTTP\CURLRequest->sendRequest()
 3 SYSTEMPATH/HTTP/CURLRequest.php(152): CodeIgniter\HTTP\CURLRequest->send()
 4 APPPATH/Models/MCStatus.php(17): CodeIgniter\HTTP\CURLRequest->request()
 5 APPPATH/Controllers/PublicPages.php(13): App\Models\MCStatus->requestAPI()
 6 SYSTEMPATH/CodeIgniter.php(933): App\Controllers\PublicPages->index()
 7 SYSTEMPATH/CodeIgniter.php(507): CodeIgniter\CodeIgniter->runController()
 8 SYSTEMPATH/CodeIgniter.php(354): CodeIgniter\CodeIgniter->handleRequest()
 9 SYSTEMPATH/Boot.php(334): CodeIgniter\CodeIgniter->run()
10 SYSTEMPATH/Boot.php(67): CodeIgniter\Boot::runCodeIgniter()
11 FCPATH/index.php(56): CodeIgniter\Boot::bootWeb()
CRITICAL - 2025-04-08 16:45:17 --> CodeIgniter\HTTP\Exceptions\HTTPException: 22 : The requested URL returned error: 502
[Method: GET, Route: /]
in SYSTEMPATH/HTTP/CURLRequest.php on line 709.
 1 SYSTEMPATH/HTTP/CURLRequest.php(709): CodeIgniter\HTTP\Exceptions\HTTPException::forCurlError()
 2 SYSTEMPATH/HTTP/CURLRequest.php(383): CodeIgniter\HTTP\CURLRequest->sendRequest()
 3 SYSTEMPATH/HTTP/CURLRequest.php(152): CodeIgniter\HTTP\CURLRequest->send()
 4 APPPATH/Models/MCStatus.php(17): CodeIgniter\HTTP\CURLRequest->request()
 5 APPPATH/Controllers/PublicPages.php(13): App\Models\MCStatus->requestAPI()
 6 SYSTEMPATH/CodeIgniter.php(933): App\Controllers\PublicPages->index()
 7 SYSTEMPATH/CodeIgniter.php(507): CodeIgniter\CodeIgniter->runController()
 8 SYSTEMPATH/CodeIgniter.php(354): CodeIgniter\CodeIgniter->handleRequest()
 9 SYSTEMPATH/Boot.php(334): CodeIgniter\CodeIgniter->run()
10 SYSTEMPATH/Boot.php(67): CodeIgniter\Boot::runCodeIgniter()
11 FCPATH/index.php(56): CodeIgniter\Boot::bootWeb()
CRITICAL - 2025-04-08 16:45:17 --> CodeIgniter\HTTP\Exceptions\HTTPException: 22 : The requested URL returned error: 502
[Method: GET, Route: /]
in SYSTEMPATH/HTTP/CURLRequest.php on line 709.
 1 SYSTEMPATH/HTTP/CURLRequest.php(709): CodeIgniter\HTTP\Exceptions\HTTPException::forCurlError()
 2 SYSTEMPATH/HTTP/CURLRequest.php(383): CodeIgniter\HTTP\CURLRequest->sendRequest()
 3 SYSTEMPATH/HTTP/CURLRequest.php(152): CodeIgniter\HTTP\CURLRequest->send()
 4 APPPATH/Models/MCStatus.php(17): CodeIgniter\HTTP\CURLRequest->request()
 5 APPPATH/Controllers/PublicPages.php(13): App\Models\MCStatus->requestAPI()
 6 SYSTEMPATH/CodeIgniter.php(933): App\Controllers\PublicPages->index()
 7 SYSTEMPATH/CodeIgniter.php(507): CodeIgniter\CodeIgniter->runController()
 8 SYSTEMPATH/CodeIgniter.php(354): CodeIgniter\CodeIgniter->handleRequest()
 9 SYSTEMPATH/Boot.php(334): CodeIgniter\CodeIgniter->run()
10 SYSTEMPATH/Boot.php(67): CodeIgniter\Boot::runCodeIgniter()
11 FCPATH/index.php(56): CodeIgniter\Boot::bootWeb()
CRITICAL - 2025-04-08 16:45:18 --> CodeIgniter\HTTP\Exceptions\HTTPException: 22 : The requested URL returned error: 502
[Method: GET, Route: /]
in SYSTEMPATH/HTTP/CURLRequest.php on line 709.
 1 SYSTEMPATH/HTTP/CURLRequest.php(709): CodeIgniter\HTTP\Exceptions\HTTPException::forCurlError()
 2 SYSTEMPATH/HTTP/CURLRequest.php(383): CodeIgniter\HTTP\CURLRequest->sendRequest()
 3 SYSTEMPATH/HTTP/CURLRequest.php(152): CodeIgniter\HTTP\CURLRequest->send()
 4 APPPATH/Models/MCStatus.php(17): CodeIgniter\HTTP\CURLRequest->request()
 5 APPPATH/Controllers/PublicPages.php(13): App\Models\MCStatus->requestAPI()
 6 SYSTEMPATH/CodeIgniter.php(933): App\Controllers\PublicPages->index()
 7 SYSTEMPATH/CodeIgniter.php(507): CodeIgniter\CodeIgniter->runController()
 8 SYSTEMPATH/CodeIgniter.php(354): CodeIgniter\CodeIgniter->handleRequest()
 9 SYSTEMPATH/Boot.php(334): CodeIgniter\CodeIgniter->run()
10 SYSTEMPATH/Boot.php(67): CodeIgniter\Boot::runCodeIgniter()
11 FCPATH/index.php(56): CodeIgniter\Boot::bootWeb()
CRITICAL - 2025-04-08 16:45:18 --> CodeIgniter\HTTP\Exceptions\HTTPException: 22 : The requested URL returned error: 502
[Method: GET, Route: /]
in SYSTEMPATH/HTTP/CURLRequest.php on line 709.
 1 SYSTEMPATH/HTTP/CURLRequest.php(709): CodeIgniter\HTTP\Exceptions\HTTPException::forCurlError()
 2 SYSTEMPATH/HTTP/CURLRequest.php(383): CodeIgniter\HTTP\CURLRequest->sendRequest()
 3 SYSTEMPATH/HTTP/CURLRequest.php(152): CodeIgniter\HTTP\CURLRequest->send()
 4 APPPATH/Models/MCStatus.php(17): CodeIgniter\HTTP\CURLRequest->request()
 5 APPPATH/Controllers/PublicPages.php(13): App\Models\MCStatus->requestAPI()
 6 SYSTEMPATH/CodeIgniter.php(933): App\Controllers\PublicPages->index()
 7 SYSTEMPATH/CodeIgniter.php(507): CodeIgniter\CodeIgniter->runController()
 8 SYSTEMPATH/CodeIgniter.php(354): CodeIgniter\CodeIgniter->handleRequest()
 9 SYSTEMPATH/Boot.php(334): CodeIgniter\CodeIgniter->run()
10 SYSTEMPATH/Boot.php(67): CodeIgniter\Boot::runCodeIgniter()
11 FCPATH/index.php(56): CodeIgniter\Boot::bootWeb()
CRITICAL - 2025-04-08 16:45:18 --> CodeIgniter\HTTP\Exceptions\HTTPException: 22 : The requested URL returned error: 502
[Method: GET, Route: /]
in SYSTEMPATH/HTTP/CURLRequest.php on line 709.
 1 SYSTEMPATH/HTTP/CURLRequest.php(709): CodeIgniter\HTTP\Exceptions\HTTPException::forCurlError()
 2 SYSTEMPATH/HTTP/CURLRequest.php(383): CodeIgniter\HTTP\CURLRequest->sendRequest()
 3 SYSTEMPATH/HTTP/CURLRequest.php(152): CodeIgniter\HTTP\CURLRequest->send()
 4 APPPATH/Models/MCStatus.php(17): CodeIgniter\HTTP\CURLRequest->request()
 5 APPPATH/Controllers/PublicPages.php(13): App\Models\MCStatus->requestAPI()
 6 SYSTEMPATH/CodeIgniter.php(933): App\Controllers\PublicPages->index()
 7 SYSTEMPATH/CodeIgniter.php(507): CodeIgniter\CodeIgniter->runController()
 8 SYSTEMPATH/CodeIgniter.php(354): CodeIgniter\CodeIgniter->handleRequest()
 9 SYSTEMPATH/Boot.php(334): CodeIgniter\CodeIgniter->run()
10 SYSTEMPATH/Boot.php(67): CodeIgniter\Boot::runCodeIgniter()
11 FCPATH/index.php(56): CodeIgniter\Boot::bootWeb()
CRITICAL - 2025-04-08 16:45:18 --> CodeIgniter\HTTP\Exceptions\HTTPException: 22 : The requested URL returned error: 502
[Method: GET, Route: /]
in SYSTEMPATH/HTTP/CURLRequest.php on line 709.
 1 SYSTEMPATH/HTTP/CURLRequest.php(709): CodeIgniter\HTTP\Exceptions\HTTPException::forCurlError()
 2 SYSTEMPATH/HTTP/CURLRequest.php(383): CodeIgniter\HTTP\CURLRequest->sendRequest()
 3 SYSTEMPATH/HTTP/CURLRequest.php(152): CodeIgniter\HTTP\CURLRequest->send()
 4 APPPATH/Models/MCStatus.php(17): CodeIgniter\HTTP\CURLRequest->request()
 5 APPPATH/Controllers/PublicPages.php(13): App\Models\MCStatus->requestAPI()
 6 SYSTEMPATH/CodeIgniter.php(933): App\Controllers\PublicPages->index()
 7 SYSTEMPATH/CodeIgniter.php(507): CodeIgniter\CodeIgniter->runController()
 8 SYSTEMPATH/CodeIgniter.php(354): CodeIgniter\CodeIgniter->handleRequest()
 9 SYSTEMPATH/Boot.php(334): CodeIgniter\CodeIgniter->run()
10 SYSTEMPATH/Boot.php(67): CodeIgniter\Boot::runCodeIgniter()
11 FCPATH/index.php(56): CodeIgniter\Boot::bootWeb()
CRITICAL - 2025-04-08 16:45:19 --> CodeIgniter\HTTP\Exceptions\HTTPException: 22 : The requested URL returned error: 502
[Method: GET, Route: /]
in SYSTEMPATH/HTTP/CURLRequest.php on line 709.
 1 SYSTEMPATH/HTTP/CURLRequest.php(709): CodeIgniter\HTTP\Exceptions\HTTPException::forCurlError()
 2 SYSTEMPATH/HTTP/CURLRequest.php(383): CodeIgniter\HTTP\CURLRequest->sendRequest()
 3 SYSTEMPATH/HTTP/CURLRequest.php(152): CodeIgniter\HTTP\CURLRequest->send()
 4 APPPATH/Models/MCStatus.php(17): CodeIgniter\HTTP\CURLRequest->request()
 5 APPPATH/Controllers/PublicPages.php(13): App\Models\MCStatus->requestAPI()
 6 SYSTEMPATH/CodeIgniter.php(933): App\Controllers\PublicPages->index()
 7 SYSTEMPATH/CodeIgniter.php(507): CodeIgniter\CodeIgniter->runController()
 8 SYSTEMPATH/CodeIgniter.php(354): CodeIgniter\CodeIgniter->handleRequest()
 9 SYSTEMPATH/Boot.php(334): CodeIgniter\CodeIgniter->run()
10 SYSTEMPATH/Boot.php(67): CodeIgniter\Boot::runCodeIgniter()
11 FCPATH/index.php(56): CodeIgniter\Boot::bootWeb()
CRITICAL - 2025-04-08 16:46:13 --> ParseError: syntax error, unexpected token ":", expecting "]"
[Method: GET, Route: /]
in APPPATH/Controllers/PublicPages.php on line 22.
 1 SYSTEMPATH/Autoloader/Autoloader.php(295): CodeIgniter\Autoloader\Autoloader->includeFile()
 2 SYSTEMPATH/Autoloader/Autoloader.php(271): CodeIgniter\Autoloader\Autoloader->loadInNamespace()
 3 [internal function]: CodeIgniter\Autoloader\Autoloader->loadClass()
 4 SYSTEMPATH/CodeIgniter.php(885): class_exists()
 5 SYSTEMPATH/CodeIgniter.php(494): CodeIgniter\CodeIgniter->startController()
 6 SYSTEMPATH/CodeIgniter.php(354): CodeIgniter\CodeIgniter->handleRequest()
 7 SYSTEMPATH/Boot.php(334): CodeIgniter\CodeIgniter->run()
 8 SYSTEMPATH/Boot.php(67): CodeIgniter\Boot::runCodeIgniter()
 9 FCPATH/index.php(56): CodeIgniter\Boot::bootWeb()
