CRITICAL - 2025-04-12 07:12:41 --> ErrorException: Constant expression contains invalid operations
[Method: GET, Route: /]
in APPPATH/Controllers/PublicPages.php on line 10.
 1 [internal function]: CodeIgniter\Debug\Exceptions->shutdownHandler()
CRITICAL - 2025-04-12 07:16:04 --> ErrorException: Constant expression contains invalid operations
[Method: GET, Route: /]
in APPPATH/Controllers/PublicPages.php on line 9.
 1 [internal function]: CodeIgniter\Debug\Exceptions->shutdownHandler()
CRITICAL - 2025-04-12 07:27:00 --> ErrorException: Constant expression contains invalid operations
[Method: GET, Route: /]
in APPPATH/Controllers/PublicPages.php on line 10.
 1 [internal function]: CodeIgniter\Debug\Exceptions->shutdownHandler()
CRITICAL - 2025-04-12 07:27:06 --> ErrorException: Constant expression contains invalid operations
[Method: GET, Route: /]
in APPPATH/Controllers/PublicPages.php on line 10.
 1 [internal function]: CodeIgniter\Debug\Exceptions->shutdownHandler()
CRITICAL - 2025-04-12 07:28:21 --> ErrorException: Constant expression contains invalid operations
[Method: GET, Route: /]
in APPPATH/Controllers/PublicPages.php on line 10.
 1 [internal function]: CodeIgniter\Debug\Exceptions->shutdownHandler()
CRITICAL - 2025-04-12 07:28:23 --> ErrorException: Constant expression contains invalid operations
[Method: GET, Route: /]
in APPPATH/Controllers/PublicPages.php on line 10.
 1 [internal function]: CodeIgniter\Debug\Exceptions->shutdownHandler()
CRITICAL - 2025-04-12 07:28:29 --> ErrorException: Constant expression contains invalid operations
[Method: GET, Route: /]
in APPPATH/Controllers/PublicPages.php on line 10.
 1 [internal function]: CodeIgniter\Debug\Exceptions->shutdownHandler()
CRITICAL - 2025-04-12 07:28:33 --> ErrorException: Constant expression contains invalid operations
[Method: GET, Route: join]
in APPPATH/Controllers/PublicPages.php on line 10.
 1 [internal function]: CodeIgniter\Debug\Exceptions->shutdownHandler()
CRITICAL - 2025-04-12 07:35:08 --> ErrorException: Constant expression contains invalid operations
[Method: GET, Route: join]
in APPPATH/Controllers/PublicPages.php on line 10.
 1 [internal function]: CodeIgniter\Debug\Exceptions->shutdownHandler()
CRITICAL - 2025-04-12 07:35:09 --> ErrorException: Constant expression contains invalid operations
[Method: GET, Route: join]
in APPPATH/Controllers/PublicPages.php on line 10.
 1 [internal function]: CodeIgniter\Debug\Exceptions->shutdownHandler()
CRITICAL - 2025-04-12 07:43:21 --> ErrorException: Undefined variable $currentPage
[Method: GET, Route: /]
in APPPATH/Views/templates/header.php on line 28.
 1 APPPATH/Views/templates/header.php(28): CodeIgniter\Debug\Exceptions->errorHandler()
 2 SYSTEMPATH/View/View.php(224): include('/var/www/html/DevaronWebApp/app/Views/templates/header.php')
 3 SYSTEMPATH/View/View.php(227): CodeIgniter\View\View->CodeIgniter\View\{closure}()
 4 SYSTEMPATH/Common.php(1173): CodeIgniter\View\View->render()
 5 APPPATH/Controllers/PublicPages.php(38): view()
 6 SYSTEMPATH/CodeIgniter.php(933): App\Controllers\PublicPages->index()
 7 SYSTEMPATH/CodeIgniter.php(507): CodeIgniter\CodeIgniter->runController()
 8 SYSTEMPATH/CodeIgniter.php(354): CodeIgniter\CodeIgniter->handleRequest()
 9 SYSTEMPATH/Boot.php(334): CodeIgniter\CodeIgniter->run()
10 SYSTEMPATH/Boot.php(67): CodeIgniter\Boot::runCodeIgniter()
11 FCPATH/index.php(56): CodeIgniter\Boot::bootWeb()
CRITICAL - 2025-04-12 07:43:37 --> ErrorException: Undefined variable $currentPage
[Method: GET, Route: join]
in APPPATH/Views/templates/header.php on line 28.
 1 APPPATH/Views/templates/header.php(28): CodeIgniter\Debug\Exceptions->errorHandler()
 2 SYSTEMPATH/View/View.php(224): include('/var/www/html/DevaronWebApp/app/Views/templates/header.php')
 3 SYSTEMPATH/View/View.php(227): CodeIgniter\View\View->CodeIgniter\View\{closure}()
 4 SYSTEMPATH/Common.php(1173): CodeIgniter\View\View->render()
 5 APPPATH/Controllers/PublicPages.php(48): view()
 6 SYSTEMPATH/CodeIgniter.php(933): App\Controllers\PublicPages->join()
 7 SYSTEMPATH/CodeIgniter.php(507): CodeIgniter\CodeIgniter->runController()
 8 SYSTEMPATH/CodeIgniter.php(354): CodeIgniter\CodeIgniter->handleRequest()
 9 SYSTEMPATH/Boot.php(334): CodeIgniter\CodeIgniter->run()
10 SYSTEMPATH/Boot.php(67): CodeIgniter\Boot::runCodeIgniter()
11 FCPATH/index.php(56): CodeIgniter\Boot::bootWeb()
CRITICAL - 2025-04-12 07:44:43 --> ErrorException: Undefined variable $currentPage
[Method: GET, Route: join]
in APPPATH/Views/templates/header.php on line 28.
 1 APPPATH/Views/templates/header.php(28): CodeIgniter\Debug\Exceptions->errorHandler()
 2 SYSTEMPATH/View/View.php(224): include('/var/www/html/DevaronWebApp/app/Views/templates/header.php')
 3 SYSTEMPATH/View/View.php(227): CodeIgniter\View\View->CodeIgniter\View\{closure}()
 4 SYSTEMPATH/Common.php(1173): CodeIgniter\View\View->render()
 5 APPPATH/Controllers/PublicPages.php(49): view()
 6 SYSTEMPATH/CodeIgniter.php(933): App\Controllers\PublicPages->join()
 7 SYSTEMPATH/CodeIgniter.php(507): CodeIgniter\CodeIgniter->runController()
 8 SYSTEMPATH/CodeIgniter.php(354): CodeIgniter\CodeIgniter->handleRequest()
 9 SYSTEMPATH/Boot.php(334): CodeIgniter\CodeIgniter->run()
10 SYSTEMPATH/Boot.php(67): CodeIgniter\Boot::runCodeIgniter()
11 FCPATH/index.php(56): CodeIgniter\Boot::bootWeb()
CRITICAL - 2025-04-12 07:44:46 --> TypeError: view(): Argument #2 ($data) must be of type array, string given, called in /var/www/html/DevaronWebApp/app/Controllers/PublicPages.php on line 39
[Method: GET, Route: /]
in SYSTEMPATH/Common.php on line 1161.
 1 APPPATH/Controllers/PublicPages.php(39): view()
 2 SYSTEMPATH/CodeIgniter.php(933): App\Controllers\PublicPages->index()
 3 SYSTEMPATH/CodeIgniter.php(507): CodeIgniter\CodeIgniter->runController()
 4 SYSTEMPATH/CodeIgniter.php(354): CodeIgniter\CodeIgniter->handleRequest()
 5 SYSTEMPATH/Boot.php(334): CodeIgniter\CodeIgniter->run()
 6 SYSTEMPATH/Boot.php(67): CodeIgniter\Boot::runCodeIgniter()
 7 FCPATH/index.php(56): CodeIgniter\Boot::bootWeb()
CRITICAL - 2025-04-12 07:45:15 --> ErrorException: Undefined variable $currentPage
[Method: GET, Route: /]
in APPPATH/Views/templates/header.php on line 28.
 1 APPPATH/Views/templates/header.php(28): CodeIgniter\Debug\Exceptions->errorHandler()
 2 SYSTEMPATH/View/View.php(224): include('/var/www/html/DevaronWebApp/app/Views/templates/header.php')
 3 SYSTEMPATH/View/View.php(227): CodeIgniter\View\View->CodeIgniter\View\{closure}()
 4 SYSTEMPATH/Common.php(1173): CodeIgniter\View\View->render()
 5 APPPATH/Controllers/PublicPages.php(41): view()
 6 SYSTEMPATH/CodeIgniter.php(933): App\Controllers\PublicPages->index()
 7 SYSTEMPATH/CodeIgniter.php(507): CodeIgniter\CodeIgniter->runController()
 8 SYSTEMPATH/CodeIgniter.php(354): CodeIgniter\CodeIgniter->handleRequest()
 9 SYSTEMPATH/Boot.php(334): CodeIgniter\CodeIgniter->run()
10 SYSTEMPATH/Boot.php(67): CodeIgniter\Boot::runCodeIgniter()
11 FCPATH/index.php(56): CodeIgniter\Boot::bootWeb()
CRITICAL - 2025-04-12 07:45:23 --> ErrorException: Undefined variable $currentPage
[Method: GET, Route: /]
in APPPATH/Views/templates/header.php on line 31.
 1 APPPATH/Views/templates/header.php(31): CodeIgniter\Debug\Exceptions->errorHandler()
 2 SYSTEMPATH/View/View.php(224): include('/var/www/html/DevaronWebApp/app/Views/templates/header.php')
 3 SYSTEMPATH/View/View.php(227): CodeIgniter\View\View->CodeIgniter\View\{closure}()
 4 SYSTEMPATH/Common.php(1173): CodeIgniter\View\View->render()
 5 APPPATH/Controllers/PublicPages.php(41): view()
 6 SYSTEMPATH/CodeIgniter.php(933): App\Controllers\PublicPages->index()
 7 SYSTEMPATH/CodeIgniter.php(507): CodeIgniter\CodeIgniter->runController()
 8 SYSTEMPATH/CodeIgniter.php(354): CodeIgniter\CodeIgniter->handleRequest()
 9 SYSTEMPATH/Boot.php(334): CodeIgniter\CodeIgniter->run()
10 SYSTEMPATH/Boot.php(67): CodeIgniter\Boot::runCodeIgniter()
11 FCPATH/index.php(56): CodeIgniter\Boot::bootWeb()
